<!DOCTYPE html>
<html lang="en">
  <head>
    <meta charset="utf-8"/>
    <meta name="viewport" content="width=device-width, initial-scale=1, shrink-to-fit=no"/>
    <link rel="stylesheet" href="res/bootstrap.min.css" type="text/css"/>
    <link rel="stylesheet" href="res/karate-report.css" type="text/css"/>
    <link rel="shortcut icon" href="favicon.ico"/>
    <script type="text/javascript" src="res/jquery.min.js"></script>
    <script type="text/javascript" src="res/jquery.tablesorter.min.js"></script>
    <script type="text/javascript" src="res/bootstrap.min.js"></script>
    <script type="text/javascript" src="res/karate-report.js"></script>
    <title>src.test.java.examples.KarateTest.KarateExample</title>  
  </head>
  <body>   
    <div id="root-container">
      <div id="leftnav">
                
        <div>
  <div class="nav-logo">
    <a href="karate-summary.html">
      <img src="karate-logo.svg" alt="Karate"/>
    </a>
    <div class="nav-count">
      <div id="nav-pass" class="bg-success">0</div>
      <div id="nav-fail" class="bg-danger">1</div>
    </div>
  </div>
  <div id="nav-type">
    <div>Scenarios</div>
  </div>         
  <div id="nav-date">
    <div>2022-06-10 03:12:34 PM</div>
  </div>        
</div>

        <div class="nav-container">
          <div class="nav-item failed">
            <a href="#[1:7]"><span>[1:7]</span> <span>Login ve Çalma listesine şarkı ekleme</span></a>
          </div>
        </div>
      </div>
      <div id="content">
        <div class="page-heading alert alert-primary">
          <a href="karate-summary.html">Summary</a><span class="feature-label">|</span>
          <a href="karate-tags.html">Tags</a><span class="feature-label">|</span>
          <span class="feature-label">Feature:</span>
          <span class="feature-path">src/test/java/examples/KarateTest/KarateExample.feature</span><span class="feature-label">|</span>
          <span class="feature-name">Spotify sitesinde Login olma ve çalma listesine şarkı ekleme</span>
          <span class="feature-description">işlem adımlarının yürütüldüğü otomasyondur.</span>
        </div>
        <div class="scenario">
          <div class="scenario-heading" id="[1:7]">
            <div class="heading-container">
              <div class="scenario-tags">
                
              </div>
              <div class="scenario-keyword">
                Scenario: <span>[1:7]</span>
                <span class="scenario-name">Login ve Çalma listesine şarkı ekleme</span>
                <span></span>
              </div>
            </div>
            <div class="scenario-time failed">
              <span>ms:</span>&nbsp;<span>128981</span>
            </div>
          </div>
          <div class="step-row">
            <div class="step-container" id="[1:7]bg">
              <div class="step-ref bg-step">&gt;&gt;</div>
              <div class="step-cell passed">Background:</div>
            </div>
            <div class="time-cell passed"></div>
          </div>
          <div data-parent="[1:7]bg"><div>
  

  

  <div class="step-row">
    <div class="step-container" id="0.5">
      <div class="step-ref bg-step">5</div>
      
      <div class="step-cell passed">
        <span>*</span>&nbsp;<span>configure driver = { type: &#39;chromedriver&#39;, executable: &#39;Directory/recources/chromedriver.exe&#39; }</span>
      </div>
    </div>
    <div class="time-cell passed">46</div>
  </div>

   
  
  

  

  <div class="preformatted" data-parent="0.5">15:10:12.754 karate.env system property was: null 
</div>   

  

</div>
</div>
          <div><div>
  

  

  <div class="step-row">
    <div class="step-container" id="0.8">
      <div class="step-ref passed">8</div>
      
      <div class="step-cell passed">
        <span>Given</span>&nbsp;<span>driver &#39;https://open.spotify.com/&#39;</span>
      </div>
    </div>
    <div class="time-cell passed">5285</div>
  </div>

   
  
  

  

  <div class="preformatted" data-parent="0.8">15:10:12.846 preferred port 9515 not available, will use: 62172
</div>   

  

</div>
</div>
          <div><div>
  

  

  <div class="step-row">
    <div class="step-container" id="0.9">
      <div class="step-ref passed">9</div>
      
      <div class="step-cell passed">
        <span>*</span>&nbsp;<span>delay(123555)</span>
      </div>
    </div>
    <div class="time-cell passed">123599</div>
  </div>

   
  
  

  

     

  

</div>
</div>
          <div><div>
  

  

  <div class="step-row">
    <div class="step-container" id="0.10">
      <div class="step-ref failed">10</div>
      
      <div class="step-cell failed">
        <span>When</span>&nbsp;<span>click(&#39;//*[@class=&#39;ButtonInner-sc-14ud5tc-0.iebPZv.encore-inverted-light-set&#39;]&#39;)</span>
      </div>
    </div>
    <div class="time-cell failed">52</div>
  </div>

   
  
  

  

  <div class="preformatted" data-parent="0.10">15:12:21.770 src/test/java/examples/KarateTest/KarateExample.feature:10
When click(&#39;//*[@class=&#39;ButtonInner-sc-14ud5tc-0.iebPZv.encore-inverted-light-set&#39;]&#39;)
js failed:
&gt;&gt;&gt;&gt;
01: click(&#39;//*[@class=&#39;ButtonInner-sc-14ud5tc-0.iebPZv.encore-inverted-light-set&#39;]&#39;)
&lt;&lt;&lt;&lt;
org.graalvm.polyglot.PolyglotException: SyntaxError: Unnamed:1:36 Missing space after numeric literal
click(&#39;//*[@class=&#39;ButtonInner-sc-14ud5tc-0.iebPZv.encore-inverted-light-set&#39;]&#39;)
                                    ^

- org.graalvm.polyglot.Context.eval(Context.java:401)
- com.intuit.karate.graal.JsEngine.evalForValue(JsEngine.java:141)
- com.intuit.karate.graal.JsEngine.eval(JsEngine.java:137)
- com.intuit.karate.core.ScenarioEngine.evalJs(ScenarioEngine.java:1252)
- com.intuit.karate.ScenarioActions.eval(ScenarioActions.java:376)
- sun.reflect.NativeMethodAccessorImpl.invoke0(Native Method)
- sun.reflect.NativeMethodAccessorImpl.invoke(NativeMethodAccessorImpl.java:62)

src/test/java/examples/KarateTest/KarateExample.feature:10
</div>   

  

</div>
</div>
          <div><div>
  

  

  <div class="step-row">
    <div class="step-container" id="0.7">
      <div class="step-ref failed">7</div>
      
      <div class="step-cell failed">
        <span>*</span>&nbsp;<span>scenario [run] failed</span>
      </div>
    </div>
    <div class="time-cell failed">0</div>
  </div>

   
  
  

  

  <div class="preformatted" data-parent="0.7">java.util.LinkedHashMap cannot be cast to java.lang.String
java.lang.ClassCastException: java.util.LinkedHashMap cannot be cast to java.lang.String
	at com.intuit.karate.driver.WebDriver.screenshot(WebDriver.java:511)
	at com.intuit.karate.driver.WebDriver.screenshot(WebDriver.java:504)
	at com.intuit.karate.driver.Driver.onFailure(Driver.java:491)
	at com.intuit.karate.core.ScenarioRuntime.execute(ScenarioRuntime.java:500)
	at com.intuit.karate.core.ScenarioRuntime.run(ScenarioRuntime.java:402)
	at com.intuit.karate.core.FeatureRuntime.processScenario(FeatureRuntime.java:181)
	at java.util.Iterator.forEachRemaining(Iterator.java:116)
	at com.intuit.karate.core.FeatureRuntime.run(FeatureRuntime.java:164)
	at java.util.concurrent.Executors$RunnableAdapter.call(Executors.java:511)
	at java.util.concurrent.FutureTask.run(FutureTask.java:266)
	at com.intuit.karate.core.SyncExecutorService.execute(SyncExecutorService.java:70)
	at java.util.concurrent.AbstractExecutorService.submit(AbstractExecutorService.java:112)
	at com.intuit.karate.Suite.run(Suite.java:235)
	at com.intuit.karate.Runner$Builder.parallel(Runner.java:575)
	at com.intuit.karate.cli.IdeMain.main(IdeMain.java:60)
	at cucumber.api.cli.Main.main(Main.java:34)
15:12:33.877 src/test/java/examples/KarateTest/KarateExample.feature:10
When click(&#39;//*[@class=&#39;ButtonInner-sc-14ud5tc-0.iebPZv.encore-inverted-light-set&#39;]&#39;)
scenario [run] failed
java.lang.ClassCastException: java.util.LinkedHashMap cannot be cast to java.lang.String
	at com.intuit.karate.driver.WebDriver.screenshot(WebDriver.java:511)
	at com.intuit.karate.driver.WebDriver.screenshot(WebDriver.java:504)
	at com.intuit.karate.driver.Driver.onFailure(Driver.java:491)
	at com.intuit.karate.core.ScenarioRuntime.execute(ScenarioRuntime.java:500)
	at com.intuit.karate.core.ScenarioRuntime.run(ScenarioRuntime.java:402)
	at com.intuit.karate.core.FeatureRuntime.processScenario(FeatureRuntime.java:181)
	at java.util.Iterator.forEachRemaining(Iterator.java:116)
	at com.intuit.karate.core.FeatureRuntime.run(FeatureRuntime.java:164)
	at java.util.concurrent.Executors$RunnableAdapter.call(Executors.java:511)
	at java.util.concurrent.FutureTask.run(FutureTask.java:266)
	at com.intuit.karate.core.SyncExecutorService.execute(SyncExecutorService.java:70)
	at java.util.concurrent.AbstractExecutorService.submit(AbstractExecutorService.java:112)
	at com.intuit.karate.Suite.run(Suite.java:235)
	at com.intuit.karate.Runner$Builder.parallel(Runner.java:575)
	at com.intuit.karate.cli.IdeMain.main(IdeMain.java:60)
	at cucumber.api.cli.Main.main(Main.java:34)

</div>   

  

</div>
</div>
        </div>
      </div>
    </div>
  </body>
</html>

